# Nmap 7.80 scan initiated Mon Feb 20 11:47:08 2023 as: nmap -sV --script vuln -oN nmap.out 10.10.108.128
Pre-scan script results:
| broadcast-avahi-dos: 
|   Discovered hosts:
|     224.0.0.251
|   After NULL UDP avahi packet DoS (CVE-2011-1002).
|_  Hosts are all up (not vulnerable).
Nmap scan report for 10.10.108.128
Host is up (0.19s latency).
Not shown: 993 closed ports
PORT     STATE    SERVICE        VERSION
22/tcp   open     ssh            OpenSSH 7.6p1 Ubuntu 4ubuntu0.3 (Ubuntu Linux; protocol 2.0)
|_clamav-exec: ERROR: Script execution failed (use -d to debug)
| vulners: 
|   cpe:/a:openbsd:openssh:7.6p1: 
|     	EXPLOITPACK:98FE96309F9524B8C84C508837551A19	5.8	https://vulners.com/exploitpack/EXPLOITPACK:98FE96309F9524B8C84C508837551A19	*EXPLOIT*
|     	EXPLOITPACK:5330EA02EBDE345BFC9D6DDDD97F9E97	5.8	https://vulners.com/exploitpack/EXPLOITPACK:5330EA02EBDE345BFC9D6DDDD97F9E97	*EXPLOIT*
|     	EDB-ID:46516	5.8	https://vulners.com/exploitdb/EDB-ID:46516	*EXPLOIT*
|     	EDB-ID:46193	5.8	https://vulners.com/exploitdb/EDB-ID:46193	*EXPLOIT*
|     	CVE-2019-6111	5.8	https://vulners.com/cve/CVE-2019-6111
|     	1337DAY-ID-32328	5.8	https://vulners.com/zdt/1337DAY-ID-32328	*EXPLOIT*
|     	1337DAY-ID-32009	5.8	https://vulners.com/zdt/1337DAY-ID-32009	*EXPLOIT*
|     	SSH_ENUM	5.0	https://vulners.com/canvas/SSH_ENUM	*EXPLOIT*
|     	PACKETSTORM:150621	5.0	https://vulners.com/packetstorm/PACKETSTORM:150621	*EXPLOIT*
|     	EXPLOITPACK:F957D7E8A0CC1E23C3C649B764E13FB0	5.0	https://vulners.com/exploitpack/EXPLOITPACK:F957D7E8A0CC1E23C3C649B764E13FB0	*EXPLOIT*
|     	EXPLOITPACK:EBDBC5685E3276D648B4D14B75563283	5.0	https://vulners.com/exploitpack/EXPLOITPACK:EBDBC5685E3276D648B4D14B75563283	*EXPLOIT*
|     	EDB-ID:45939	5.0	https://vulners.com/exploitdb/EDB-ID:45939	*EXPLOIT*
|     	EDB-ID:45233	5.0	https://vulners.com/exploitdb/EDB-ID:45233	*EXPLOIT*
|     	CVE-2018-15919	5.0	https://vulners.com/cve/CVE-2018-15919
|     	CVE-2018-15473	5.0	https://vulners.com/cve/CVE-2018-15473
|     	1337DAY-ID-31730	5.0	https://vulners.com/zdt/1337DAY-ID-31730	*EXPLOIT*
|     	CVE-2021-41617	4.4	https://vulners.com/cve/CVE-2021-41617
|     	CVE-2020-14145	4.3	https://vulners.com/cve/CVE-2020-14145
|     	CVE-2019-6110	4.0	https://vulners.com/cve/CVE-2019-6110
|     	CVE-2019-6109	4.0	https://vulners.com/cve/CVE-2019-6109
|     	CVE-2018-20685	2.6	https://vulners.com/cve/CVE-2018-20685
|     	PACKETSTORM:151227	0.0	https://vulners.com/packetstorm/PACKETSTORM:151227	*EXPLOIT*
|     	MSF:AUXILIARY-SCANNER-SSH-SSH_ENUMUSERS-	0.0	https://vulners.com/metasploit/MSF:AUXILIARY-SCANNER-SSH-SSH_ENUMUSERS-	*EXPLOIT*
|_    	1337DAY-ID-30937	0.0	https://vulners.com/zdt/1337DAY-ID-30937	*EXPLOIT*
135/tcp  filtered msrpc
139/tcp  open     netbios-ssn    Samba smbd 3.X - 4.X (workgroup: WORKGROUP)
|_clamav-exec: ERROR: Script execution failed (use -d to debug)
|_smb-vuln-webexec: ERROR: Script execution failed (use -d to debug)
264/tcp  filtered bgmp
445/tcp  open     netbios-ssn    Samba smbd 3.X - 4.X (workgroup: WORKGROUP)
|_clamav-exec: ERROR: Script execution failed (use -d to debug)
|_smb-vuln-webexec: ERROR: Script execution failed (use -d to debug)
5906/tcp filtered unknown
8888/tcp filtered sun-answerbook
Service Info: Host: POLOSMB; OS: Linux; CPE: cpe:/o:linux:linux_kernel

Host script results:
|_samba-vuln-cve-2012-1182: ERROR: Script execution failed (use -d to debug)
|_smb-double-pulsar-backdoor: ERROR: Script execution failed (use -d to debug)
|_smb-vuln-conficker: ERROR: Script execution failed (use -d to debug)
|_smb-vuln-cve-2017-7494: ERROR: Script execution failed (use -d to debug)
|_smb-vuln-ms06-025: ERROR: Script execution failed (use -d to debug)
|_smb-vuln-ms07-029: ERROR: Script execution failed (use -d to debug)
|_smb-vuln-ms08-067: ERROR: Script execution failed (use -d to debug)
|_smb-vuln-ms10-054: false
|_smb-vuln-ms10-061: ERROR: Script execution failed (use -d to debug)
|_smb-vuln-ms17-010: ERROR: Script execution failed (use -d to debug)
|_smb-vuln-regsvc-dos: ERROR: Script execution failed (use -d to debug)

Service detection performed. Please report any incorrect results at https://nmap.org/submit/ .
# Nmap done at Mon Feb 20 11:50:29 2023 -- 1 IP address (1 host up) scanned in 201.34 seconds
